329 Requested MAXLNGTH too large
299 Internal logic error: Unexpected PPM branch
299 Internal logic error: Unexpected PPM branch
299 Internal logic error: Unexpected PPM branch
001 Addition left operand is not numeric
002 Addition right operand is not numeric
003 Addition caused integer overflow
261 Addition caused real overflow
004 Affirmation operand is not numeric
005 Alternation right operand is not pattern
006 Alternation left operand is not pattern
007 Compilation error encountered during execution
008 Concatenation left operand is not a string or pattern
009 Concatenation right operand is not a string or pattern
010 Negation operand is not numeric
011 Negation caused integer overflow
012 Division left operand is not numeric
013 Division right operand is not numeric
014 Division caused integer overflow
262 Division caused real overflow
015 Exponentiation right operand is not numeric
016 Exponentiation left operand is not numeric
017 Exponentiation caused integer overflow
018 Exponentiation result is undefined
266 Exponentiation caused real overflow
311 Exponentiation of negative base to non-integral power
020 Goto evaluation failure
021 Function called by name returned a value
022 Undefined function called
023 Goto operand is not a natural variable
024 Goto operand in direct goto is not code
025 Immediate assignment left operand is not pattern
026 Multiplication left operand is not numeric
027 Multiplication right operand is not numeric
028 Multiplication caused integer overflow
263 Multiplication caused real overflow
029 Undefined operator referenced
030 Pattern assignment left operand is not pattern
031 Pattern replacement right operand is not a string
032 Subtraction left operand is not numeric
033 Subtraction right operand is not numeric
034 Subtraction caused integer overflow
264 Subtraction caused real overflow
035 Unexpected failure in -NOFAIL mode
298 External function argument is not file
298 External function argument is not file
298 External function argument is not file
039 External function argument is not a string
040 External function argument is not integer
265 External function argument is not real
327 Calling external function - not found
326 Calling external function - bad argument type
041 FIELD function argument is wrong datatype
286 Function call to undefined entry label
042 Attempt to change value of protected variable
043 ANY evaluated argument is not a string
044 BREAK evaluated argument is not a string
045 BREAKX evaluated argument is not a string
046 Expression does not evaluate to pattern
047 LEN evaluated argument is not integer
048 LEN evaluated argument is negative or too large
049 NOTANY evaluated argument is not a string
050 POS evaluated argument is not integer
051 POS evaluated argument is negative or too large
052 RPOS evaluated argument is not integer
053 RPOS evaluated argument is negative or too large
054 RTAB evaluated argument is not integer
055 RTAB evaluated argument is negative or too large
056 SPAN evaluated argument is not a string
057 TAB evaluated argument is not integer
058 TAB evaluated argument is negative or too large
036 Goto ABORT with no preceding error
037 Goto CONTINUE with no preceding error
332 Goto CONTINUE with error in failure goto
331 Goto SCONTINUE with no user interrupt
321 Goto SCONTINUE with no preceding error
038 Goto undefined label
059 ANY argument is not a string or expression
060 APPLY first arg is not natural variable name
061 ARBNO argument is not pattern
062 ARG second argument is not integer
063 ARG first argument is not program function name
064 ARRAY first argument is not integer or string
065 ARRAY first argument lower bound is not integer
066 ARRAY first argument upper bound is not integer
067 ARRAY dimension is zero, negative or out of range
068 ARRAY size exceeds maximum permitted
301 ATAN argument not numeric
316 BACKSPACE argument is not a suitable name
316 BACKSPACE argument is not a suitable name
317 BACKSPACE file does not exist
317 BACKSPACE file does not exist
318 BACKSPACE file does not permit backspace
319 BACKSPACE caused non-recoverable error
069 BREAK argument is not a string or expression
070 BREAKX argument is not a string or expression
281 CHAR argument not integer
282 CHAR argument not in range
302 CHOP argument not numeric
071 CLEAR argument is not a string
072 CLEAR argument has null variable name
073 COLLECT argument is not integer
074 CONVERT second argument is not a string
303 COS argument not numeric
322 COS argument is out of range
075 DATA argument is not a string
076 DATA argument is null
077 DATA argument is missing a left paren
078 DATA argument has null datatype name
079 DATA argument is missing a right paren
080 DATA argument has null field name
330 DATE argument is not integer
081 DEFINE first argument is not a string
082 DEFINE first argument is null
083 DEFINE first argument is missing a left paren
084 DEFINE first argument has null function name
085 Null arg name or missing ) in DEFINE first arg.
086 DEFINE function entry point is not defined label
087 DETACH argument is not appropriate name
088 DUMP argument is not integer
089 DUMP argument is negative or too large
090 DUPL second argument is not integer
091 DUPL first argument is not a string or pattern
092 EJECT argument is not a suitable name
093 EJECT file does not exist
093 EJECT file does not exist
094 EJECT file does not permit page eject
095 EJECT caused non-recoverable output error
096 ENDFILE argument is not a suitable name
097 ENDFILE argument is null
098 ENDFILE file does not exist
098 ENDFILE file does not exist
099 ENDFILE file does not permit endfile
100 ENDFILE caused non-recoverable output error
101 EQ first argument is not numeric
102 EQ second argument is not numeric
103 EVAL argument is not expression
103 EVAL argument is not expression
288 EXIT second argument is not a string
104 EXIT first argument is not suitable integer or string
105 EXIT action not available in this implementation
106 EXIT action caused irrecoverable error
304 EXP argument not numeric
305 EXP produced real overflow
107 FIELD second argument is not integer
108 FIELD first argument is not datatype name
259 FENCE argument is not pattern
109 GE first argument is not numeric
110 GE second argument is not numeric
111 GT first argument is not numeric
112 GT second argument is not numeric
254 Erroneous argument for HOST
255 Error during execution of HOST
113 INPUT third argument is not a string
114 Inappropriate second argument for INPUT
115 Inappropriate first argument for INPUT
116 Inappropriate file specification for INPUT
117 INPUT file cannot be read
289 INPUT channel currently in use
118 LE first argument is not numeric
119 LE second argument is not numeric
120 LEN argument is not integer or expression
121 LEN argument is negative or too large
122 LEQ first argument is not a string
123 LEQ second argument is not a string
124 LGE first argument is not a string
125 LGE second argument is not a string
126 LGT first argument is not a string
127 LGT second argument is not a string
128 LLE first argument is not a string
129 LLE second argument is not a string
130 LLT first argument is not a string
131 LLT second argument is not a string
132 LNE first argument is not a string
133 LNE second argument is not a string
306 LN argument not numeric
307 LN produced real overflow
315 LN argument negative
134 LOCAL second argument is not integer
135 LOCAL first arg is not a program function name
136 LOAD second argument is not a string
137 LOAD first argument is not a string
138 LOAD first argument is null
139 LOAD first argument is missing a left paren
140 LOAD first argument has null function name
141 LOAD first argument is missing a right paren
142 LOAD function does not exist
143 LOAD function caused input error during load
328 LOAD function - insufficient memory
144 LPAD third argument is not a string
145 LPAD second argument is not integer
146 LPAD first argument is not a string
147 LT first argument is not numeric
148 LT second argument is not numeric
149 NE first argument is not numeric
150 NE second argument is not numeric
151 NOTANY argument is not a string or expression
152 OPSYN third argument is not integer
153 OPSYN third argument is negative or too large
154 OPSYN second arg is not natural variable name
155 OPSYN first arg is not natural variable name
156 OPSYN first arg is not correct operator name
157 OUTPUT third argument is not a string
158 Inappropriate second argument for OUTPUT
159 Inappropriate first argument for OUTPUT
160 Inappropriate file specification for OUTPUT
161 OUTPUT file cannot be written to
290 OUTPUT channel currently in use
162 POS argument is not integer or expression
163 POS argument is negative or too large
164 PROTOTYPE argument is not valid object
166 REMDR first argument is not numeric
165 REMDR second argument is not numeric
166 REMDR first argument is not numeric
167 REMDR caused integer overflow
312 REMDR caused real overflow
168 REPLACE third argument is not a string
169 REPLACE second argument is not a string
170 REPLACE first argument is not a string
171 Null or unequally long 2nd, 3rd args to REPLACE
172 REWIND argument is not a suitable name
173 REWIND argument is null
174 REWIND file does not exist
174 REWIND file does not exist
175 REWIND file does not permit rewind
176 REWIND caused non-recoverable error
177 REVERSE argument is not a string
178 RPAD third argument is not a string
179 RPAD second argument is not integer
180 RPAD first argument is not a string
181 RTAB argument is not integer or expression
182 RTAB argument is negative or too large
291 SET first argument is not a suitable name
292 SET first argument is null
295 SET file does not exist
293 Inappropriate second argument to SET
294 Inappropriate third argument to SET
295 SET file does not exist
296 SET file does not permit setting file pointer
297 SET caused non-recoverable I/O error
183 TAB argument is not integer or expression
184 TAB argument is negative or too large
185 RPOS argument is not integer or expression
186 RPOS argument is negative or too large
187 SETEXIT argument is not label name or null
308 SIN argument not numeric
323 SIN argument is out of range
313 SQRT argument not numeric
314 SQRT argument negative
188 SPAN argument is not a string or expression
189 SIZE argument is not a string
190 STOPTR first argument is not appropriate name
191 STOPTR second argument is not trace type
192 SUBSTR third argument is not integer
193 SUBSTR second argument is not integer
194 SUBSTR first argument is not a string
195 TABLE argument is not integer
196 TABLE argument is out of range
309 TAN argument not numeric
310 TAN produced real overflow or argument is out of range
198 TRACE first argument is not appropriate name
199 TRACE second argument is not trace type
197 TRACE fourth arg is not function name or null
200 TRIM argument is not a string
201 UNLOAD argument is not natural variable name
235 Subscripted operand is not table or array
236 Array referenced with wrong number of subscripts
237 Table referenced with more than one subscript
238 Array subscript is not integer
239 Indirection operand is not name
240 Pattern match right operand is not pattern
241 Pattern match left operand is not a string
242 Function return from level zero
243 Function result in NRETURN is not name
244 Statement count exceeds value of STLIMIT keyword
320 User interrupt
299 Internal logic error: Unexpected PPM branch
299 Internal logic error: Unexpected PPM branch
245 Translation/execution time expired
202 Input from file caused non-recoverable error
203 Input file record has incorrect format
204 Memory overflow
205 String length exceeds value of MAXLNGTH keyword
206 Output caused file overflow
207 Output caused non-recoverable error
208 Keyword value assigned is not integer
209 Keyword in assignment is protected
210 Keyword value assigned is negative or too large
211 Value assigned to keyword ERRTEXT not a string
268 Inconsistent value assigned to keyword PROFILE
287 Value assigned to keyword MAXLNGTH is too small
274 Value assigned to keyword FULLSCAN is zero
212 Syntax error: Value used where name is required
299 Internal logic error: Unexpected PPM branch
213 Syntax error: Statement is too complicated.
214 Bad label or misplaced continuation line
299 Internal logic error: Unexpected PPM branch
215 Syntax error: Undefined or erroneous entry label
216 Syntax error: Missing END line
217 Syntax error: Duplicate label
218 Syntax error: Duplicated goto field
219 Syntax error: Empty goto field
247 Invalid control statement
299 Internal logic error: Unexpected PPM branch
299 Internal logic error: Unexpected PPM branch
299 Internal logic error: Unexpected PPM branch
284 Excessively nested INCLUDE files
285 INCLUDE file cannot be opened
248 Attempted redefinition of system function
299 Internal logic error: Unexpected PPM branch
249 Expression evaluated by name returned value
220 Syntax error: Missing operator
221 Syntax error: Missing operand
222 Syntax error: Invalid use of left bracket
223 Syntax error: Invalid use of comma
224 Syntax error: Unbalanced right parenthesis
225 Syntax error: Unbalanced right bracket
226 Syntax error: Missing right paren
227 Syntax error: Right paren missing from goto
228 Syntax error: Right bracket missing from goto
229 Syntax error: Missing right array bracket
250 Insufficient memory to complete dump
299 Internal logic error: Unexpected PPM branch
260 Conversion array size exceeds maximum permitted
299 Internal logic error: Unexpected PPM branch
299 Internal logic error: Unexpected PPM branch
251 Keyword operand is not name of defined keyword
299 Internal logic error: Unexpected PPM branch
299 Internal logic error: Unexpected PPM branch
252 Error on printing to interactive channel
299 Internal logic error: Unexpected PPM branch
253 Print limit exceeded on standard output channel
299 Internal logic error: Unexpected PPM branch
320 User interrupt
299 Internal logic error: Unexpected PPM branch
299 Internal logic error: Unexpected PPM branch
299 Internal logic error: Unexpected PPM branch
299 Internal logic error: Unexpected PPM branch
230 Syntax error: Illegal character
231 Syntax error: Invalid numeric item
299 Internal logic error: Unexpected PPM branch
232 Syntax error: Unmatched string quote
299 Internal logic error: Unexpected PPM branch
233 Syntax error: Invalid use of operator
234 Syntax error: Goto field incorrect
299 Internal logic error: Unexpected PPM branch
257 Erroneous 2nd arg in SORT/RSORT of vector
256 SORT/RSORT 1st arg not suitable ARRAY or TABLE
258 SORT/RSORT 2nd arg out of range or non-integer
299 Internal logic error: Unexpected PPM branch
299 Internal logic error: Unexpected PPM branch
197 TRACE fourth arg is not function name or null
246 Stack overflow
